<?xml version="1.0" encoding="UTF-8"?>
<testsuite xmlns:xsi="http://www.w3.org/2001/XMLSchema-instance" xsi:noNamespaceSchemaLocation="https://maven.apache.org/surefire/maven-surefire-plugin/xsd/surefire-test-report.xsd" name="com.briup.smart.SmartTestApplicationTests" time="7.198" tests="1" errors="0" skipped="0" failures="0">
  <properties>
    <property name="sun.desktop" value="windows"/>
    <property name="awt.toolkit" value="sun.awt.windows.WToolkit"/>
    <property name="file.encoding.pkg" value="sun.io"/>
    <property name="java.specification.version" value="1.8"/>
    <property name="sun.cpu.isalist" value="pentium_pro+mmx pentium_pro pentium+mmx pentium i486 i386 i86"/>
    <property name="sun.jnu.encoding" value="GBK"/>
    <property name="java.class.path" value="D:\test2\eclipse-workspace\smart-test\target\test-classes;D:\test2\eclipse-workspace\smart-test\target\classes;D:\test\apache-maven-3.6.0\repo\org\springframework\boot\spring-boot-starter-web\2.1.10.RELEASE\spring-boot-starter-web-2.1.10.RELEASE.jar;D:\test\apache-maven-3.6.0\repo\org\springframework\boot\spring-boot-starter\2.1.10.RELEASE\spring-boot-starter-2.1.10.RELEASE.jar;D:\test\apache-maven-3.6.0\repo\org\springframework\boot\spring-boot\2.1.10.RELEASE\spring-boot-2.1.10.RELEASE.jar;D:\test\apache-maven-3.6.0\repo\org\springframework\boot\spring-boot-autoconfigure\2.1.10.RELEASE\spring-boot-autoconfigure-2.1.10.RELEASE.jar;D:\test\apache-maven-3.6.0\repo\org\springframework\boot\spring-boot-starter-logging\2.1.10.RELEASE\spring-boot-starter-logging-2.1.10.RELEASE.jar;D:\test\apache-maven-3.6.0\repo\ch\qos\logback\logback-classic\1.2.3\logback-classic-1.2.3.jar;D:\test\apache-maven-3.6.0\repo\ch\qos\logback\logback-core\1.2.3\logback-core-1.2.3.jar;D:\test\apache-maven-3.6.0\repo\org\apache\logging\log4j\log4j-to-slf4j\2.11.2\log4j-to-slf4j-2.11.2.jar;D:\test\apache-maven-3.6.0\repo\org\apache\logging\log4j\log4j-api\2.11.2\log4j-api-2.11.2.jar;D:\test\apache-maven-3.6.0\repo\org\slf4j\jul-to-slf4j\1.7.29\jul-to-slf4j-1.7.29.jar;D:\test\apache-maven-3.6.0\repo\javax\annotation\javax.annotation-api\1.3.2\javax.annotation-api-1.3.2.jar;D:\test\apache-maven-3.6.0\repo\org\yaml\snakeyaml\1.23\snakeyaml-1.23.jar;D:\test\apache-maven-3.6.0\repo\org\springframework\boot\spring-boot-starter-json\2.1.10.RELEASE\spring-boot-starter-json-2.1.10.RELEASE.jar;D:\test\apache-maven-3.6.0\repo\com\fasterxml\jackson\core\jackson-databind\2.9.10.1\jackson-databind-2.9.10.1.jar;D:\test\apache-maven-3.6.0\repo\com\fasterxml\jackson\core\jackson-core\2.9.10\jackson-core-2.9.10.jar;D:\test\apache-maven-3.6.0\repo\com\fasterxml\jackson\datatype\jackson-datatype-jdk8\2.9.10\jackson-datatype-jdk8-2.9.10.jar;D:\test\apache-maven-3.6.0\repo\com\fasterxml\jackson\datatype\jackson-datatype-jsr310\2.9.10\jackson-datatype-jsr310-2.9.10.jar;D:\test\apache-maven-3.6.0\repo\com\fasterxml\jackson\module\jackson-module-parameter-names\2.9.10\jackson-module-parameter-names-2.9.10.jar;D:\test\apache-maven-3.6.0\repo\org\springframework\boot\spring-boot-starter-tomcat\2.1.10.RELEASE\spring-boot-starter-tomcat-2.1.10.RELEASE.jar;D:\test\apache-maven-3.6.0\repo\org\apache\tomcat\embed\tomcat-embed-core\9.0.27\tomcat-embed-core-9.0.27.jar;D:\test\apache-maven-3.6.0\repo\org\apache\tomcat\embed\tomcat-embed-el\9.0.27\tomcat-embed-el-9.0.27.jar;D:\test\apache-maven-3.6.0\repo\org\apache\tomcat\embed\tomcat-embed-websocket\9.0.27\tomcat-embed-websocket-9.0.27.jar;D:\test\apache-maven-3.6.0\repo\org\hibernate\validator\hibernate-validator\6.0.18.Final\hibernate-validator-6.0.18.Final.jar;D:\test\apache-maven-3.6.0\repo\javax\validation\validation-api\2.0.1.Final\validation-api-2.0.1.Final.jar;D:\test\apache-maven-3.6.0\repo\org\jboss\logging\jboss-logging\3.3.3.Final\jboss-logging-3.3.3.Final.jar;D:\test\apache-maven-3.6.0\repo\org\springframework\spring-web\5.1.11.RELEASE\spring-web-5.1.11.RELEASE.jar;D:\test\apache-maven-3.6.0\repo\org\springframework\spring-beans\5.1.11.RELEASE\spring-beans-5.1.11.RELEASE.jar;D:\test\apache-maven-3.6.0\repo\org\springframework\spring-webmvc\5.1.11.RELEASE\spring-webmvc-5.1.11.RELEASE.jar;D:\test\apache-maven-3.6.0\repo\org\springframework\spring-aop\5.1.11.RELEASE\spring-aop-5.1.11.RELEASE.jar;D:\test\apache-maven-3.6.0\repo\org\springframework\spring-context\5.1.11.RELEASE\spring-context-5.1.11.RELEASE.jar;D:\test\apache-maven-3.6.0\repo\org\springframework\spring-expression\5.1.11.RELEASE\spring-expression-5.1.11.RELEASE.jar;D:\test\apache-maven-3.6.0\repo\org\mybatis\spring\boot\mybatis-spring-boot-starter\2.1.1\mybatis-spring-boot-starter-2.1.1.jar;D:\test\apache-maven-3.6.0\repo\org\springframework\boot\spring-boot-starter-jdbc\2.1.10.RELEASE\spring-boot-starter-jdbc-2.1.10.RELEASE.jar;D:\test\apache-maven-3.6.0\repo\com\zaxxer\HikariCP\3.2.0\HikariCP-3.2.0.jar;D:\test\apache-maven-3.6.0\repo\org\springframework\spring-jdbc\5.1.11.RELEASE\spring-jdbc-5.1.11.RELEASE.jar;D:\test\apache-maven-3.6.0\repo\org\springframework\spring-tx\5.1.11.RELEASE\spring-tx-5.1.11.RELEASE.jar;D:\test\apache-maven-3.6.0\repo\org\mybatis\spring\boot\mybatis-spring-boot-autoconfigure\2.1.1\mybatis-spring-boot-autoconfigure-2.1.1.jar;D:\test\apache-maven-3.6.0\repo\org\mybatis\mybatis\3.5.3\mybatis-3.5.3.jar;D:\test\apache-maven-3.6.0\repo\org\mybatis\mybatis-spring\2.0.3\mybatis-spring-2.0.3.jar;D:\test\apache-maven-3.6.0\repo\mysql\mysql-connector-java\8.0.18\mysql-connector-java-8.0.18.jar;D:\test\apache-maven-3.6.0\repo\io\springfox\springfox-swagger2\2.9.2\springfox-swagger2-2.9.2.jar;D:\test\apache-maven-3.6.0\repo\io\swagger\swagger-annotations\1.5.20\swagger-annotations-1.5.20.jar;D:\test\apache-maven-3.6.0\repo\io\swagger\swagger-models\1.5.20\swagger-models-1.5.20.jar;D:\test\apache-maven-3.6.0\repo\com\fasterxml\jackson\core\jackson-annotations\2.9.10\jackson-annotations-2.9.10.jar;D:\test\apache-maven-3.6.0\repo\io\springfox\springfox-spi\2.9.2\springfox-spi-2.9.2.jar;D:\test\apache-maven-3.6.0\repo\io\springfox\springfox-core\2.9.2\springfox-core-2.9.2.jar;D:\test\apache-maven-3.6.0\repo\io\springfox\springfox-schema\2.9.2\springfox-schema-2.9.2.jar;D:\test\apache-maven-3.6.0\repo\io\springfox\springfox-swagger-common\2.9.2\springfox-swagger-common-2.9.2.jar;D:\test\apache-maven-3.6.0\repo\io\springfox\springfox-spring-web\2.9.2\springfox-spring-web-2.9.2.jar;D:\test\apache-maven-3.6.0\repo\com\google\guava\guava\20.0\guava-20.0.jar;D:\test\apache-maven-3.6.0\repo\com\fasterxml\classmate\1.4.0\classmate-1.4.0.jar;D:\test\apache-maven-3.6.0\repo\org\slf4j\slf4j-api\1.7.29\slf4j-api-1.7.29.jar;D:\test\apache-maven-3.6.0\repo\org\springframework\plugin\spring-plugin-core\1.2.0.RELEASE\spring-plugin-core-1.2.0.RELEASE.jar;D:\test\apache-maven-3.6.0\repo\org\springframework\plugin\spring-plugin-metadata\1.2.0.RELEASE\spring-plugin-metadata-1.2.0.RELEASE.jar;D:\test\apache-maven-3.6.0\repo\org\mapstruct\mapstruct\1.2.0.Final\mapstruct-1.2.0.Final.jar;D:\test\apache-maven-3.6.0\repo\io\springfox\springfox-swagger-ui\2.9.2\springfox-swagger-ui-2.9.2.jar;D:\test\apache-maven-3.6.0\repo\org\springframework\boot\spring-boot-starter-test\2.1.10.RELEASE\spring-boot-starter-test-2.1.10.RELEASE.jar;D:\test\apache-maven-3.6.0\repo\org\springframework\boot\spring-boot-test\2.1.10.RELEASE\spring-boot-test-2.1.10.RELEASE.jar;D:\test\apache-maven-3.6.0\repo\org\springframework\boot\spring-boot-test-autoconfigure\2.1.10.RELEASE\spring-boot-test-autoconfigure-2.1.10.RELEASE.jar;D:\test\apache-maven-3.6.0\repo\com\jayway\jsonpath\json-path\2.4.0\json-path-2.4.0.jar;D:\test\apache-maven-3.6.0\repo\net\minidev\json-smart\2.3\json-smart-2.3.jar;D:\test\apache-maven-3.6.0\repo\net\minidev\accessors-smart\1.2\accessors-smart-1.2.jar;D:\test\apache-maven-3.6.0\repo\org\ow2\asm\asm\5.0.4\asm-5.0.4.jar;D:\test\apache-maven-3.6.0\repo\junit\junit\4.12\junit-4.12.jar;D:\test\apache-maven-3.6.0\repo\org\assertj\assertj-core\3.11.1\assertj-core-3.11.1.jar;D:\test\apache-maven-3.6.0\repo\org\mockito\mockito-core\2.23.4\mockito-core-2.23.4.jar;D:\test\apache-maven-3.6.0\repo\net\bytebuddy\byte-buddy\1.9.16\byte-buddy-1.9.16.jar;D:\test\apache-maven-3.6.0\repo\net\bytebuddy\byte-buddy-agent\1.9.16\byte-buddy-agent-1.9.16.jar;D:\test\apache-maven-3.6.0\repo\org\objenesis\objenesis\2.6\objenesis-2.6.jar;D:\test\apache-maven-3.6.0\repo\org\hamcrest\hamcrest-core\1.3\hamcrest-core-1.3.jar;D:\test\apache-maven-3.6.0\repo\org\hamcrest\hamcrest-library\1.3\hamcrest-library-1.3.jar;D:\test\apache-maven-3.6.0\repo\org\skyscreamer\jsonassert\1.5.0\jsonassert-1.5.0.jar;D:\test\apache-maven-3.6.0\repo\com\vaadin\external\google\android-json\0.0.20131108.vaadin1\android-json-0.0.20131108.vaadin1.jar;D:\test\apache-maven-3.6.0\repo\org\springframework\spring-core\5.1.11.RELEASE\spring-core-5.1.11.RELEASE.jar;D:\test\apache-maven-3.6.0\repo\org\springframework\spring-jcl\5.1.11.RELEASE\spring-jcl-5.1.11.RELEASE.jar;D:\test\apache-maven-3.6.0\repo\org\springframework\spring-test\5.1.11.RELEASE\spring-test-5.1.11.RELEASE.jar;D:\test\apache-maven-3.6.0\repo\org\xmlunit\xmlunit-core\2.6.3\xmlunit-core-2.6.3.jar;"/>
    <property name="java.vm.vendor" value="Oracle Corporation"/>
    <property name="sun.arch.data.model" value="32"/>
    <property name="user.variant" value=""/>
    <property name="java.vendor.url" value="http://java.oracle.com/"/>
    <property name="user.timezone" value="Asia/Shanghai"/>
    <property name="java.vm.specification.version" value="1.8"/>
    <property name="os.name" value="Windows 10"/>
    <property name="user.country" value="CN"/>
    <property name="sun.java.launcher" value="SUN_STANDARD"/>
    <property name="sun.boot.library.path" value="C:\Program Files (x86)\Java\jdk1.8.0_144\jre\bin"/>
    <property name="sun.java.command" value="C:\Users\briup\AppData\Local\Temp\surefire7826745928250497586\surefirebooter3591332826189904806.jar C:\Users\briup\AppData\Local\Temp\surefire7826745928250497586 2019-11-19T16-16-07_488-jvmRun1 surefire1602326822755905532tmp surefire_0478249908991112809tmp"/>
    <property name="surefire.test.class.path" value="D:\test2\eclipse-workspace\smart-test\target\test-classes;D:\test2\eclipse-workspace\smart-test\target\classes;D:\test\apache-maven-3.6.0\repo\org\springframework\boot\spring-boot-starter-web\2.1.10.RELEASE\spring-boot-starter-web-2.1.10.RELEASE.jar;D:\test\apache-maven-3.6.0\repo\org\springframework\boot\spring-boot-starter\2.1.10.RELEASE\spring-boot-starter-2.1.10.RELEASE.jar;D:\test\apache-maven-3.6.0\repo\org\springframework\boot\spring-boot\2.1.10.RELEASE\spring-boot-2.1.10.RELEASE.jar;D:\test\apache-maven-3.6.0\repo\org\springframework\boot\spring-boot-autoconfigure\2.1.10.RELEASE\spring-boot-autoconfigure-2.1.10.RELEASE.jar;D:\test\apache-maven-3.6.0\repo\org\springframework\boot\spring-boot-starter-logging\2.1.10.RELEASE\spring-boot-starter-logging-2.1.10.RELEASE.jar;D:\test\apache-maven-3.6.0\repo\ch\qos\logback\logback-classic\1.2.3\logback-classic-1.2.3.jar;D:\test\apache-maven-3.6.0\repo\ch\qos\logback\logback-core\1.2.3\logback-core-1.2.3.jar;D:\test\apache-maven-3.6.0\repo\org\apache\logging\log4j\log4j-to-slf4j\2.11.2\log4j-to-slf4j-2.11.2.jar;D:\test\apache-maven-3.6.0\repo\org\apache\logging\log4j\log4j-api\2.11.2\log4j-api-2.11.2.jar;D:\test\apache-maven-3.6.0\repo\org\slf4j\jul-to-slf4j\1.7.29\jul-to-slf4j-1.7.29.jar;D:\test\apache-maven-3.6.0\repo\javax\annotation\javax.annotation-api\1.3.2\javax.annotation-api-1.3.2.jar;D:\test\apache-maven-3.6.0\repo\org\yaml\snakeyaml\1.23\snakeyaml-1.23.jar;D:\test\apache-maven-3.6.0\repo\org\springframework\boot\spring-boot-starter-json\2.1.10.RELEASE\spring-boot-starter-json-2.1.10.RELEASE.jar;D:\test\apache-maven-3.6.0\repo\com\fasterxml\jackson\core\jackson-databind\2.9.10.1\jackson-databind-2.9.10.1.jar;D:\test\apache-maven-3.6.0\repo\com\fasterxml\jackson\core\jackson-core\2.9.10\jackson-core-2.9.10.jar;D:\test\apache-maven-3.6.0\repo\com\fasterxml\jackson\datatype\jackson-datatype-jdk8\2.9.10\jackson-datatype-jdk8-2.9.10.jar;D:\test\apache-maven-3.6.0\repo\com\fasterxml\jackson\datatype\jackson-datatype-jsr310\2.9.10\jackson-datatype-jsr310-2.9.10.jar;D:\test\apache-maven-3.6.0\repo\com\fasterxml\jackson\module\jackson-module-parameter-names\2.9.10\jackson-module-parameter-names-2.9.10.jar;D:\test\apache-maven-3.6.0\repo\org\springframework\boot\spring-boot-starter-tomcat\2.1.10.RELEASE\spring-boot-starter-tomcat-2.1.10.RELEASE.jar;D:\test\apache-maven-3.6.0\repo\org\apache\tomcat\embed\tomcat-embed-core\9.0.27\tomcat-embed-core-9.0.27.jar;D:\test\apache-maven-3.6.0\repo\org\apache\tomcat\embed\tomcat-embed-el\9.0.27\tomcat-embed-el-9.0.27.jar;D:\test\apache-maven-3.6.0\repo\org\apache\tomcat\embed\tomcat-embed-websocket\9.0.27\tomcat-embed-websocket-9.0.27.jar;D:\test\apache-maven-3.6.0\repo\org\hibernate\validator\hibernate-validator\6.0.18.Final\hibernate-validator-6.0.18.Final.jar;D:\test\apache-maven-3.6.0\repo\javax\validation\validation-api\2.0.1.Final\validation-api-2.0.1.Final.jar;D:\test\apache-maven-3.6.0\repo\org\jboss\logging\jboss-logging\3.3.3.Final\jboss-logging-3.3.3.Final.jar;D:\test\apache-maven-3.6.0\repo\org\springframework\spring-web\5.1.11.RELEASE\spring-web-5.1.11.RELEASE.jar;D:\test\apache-maven-3.6.0\repo\org\springframework\spring-beans\5.1.11.RELEASE\spring-beans-5.1.11.RELEASE.jar;D:\test\apache-maven-3.6.0\repo\org\springframework\spring-webmvc\5.1.11.RELEASE\spring-webmvc-5.1.11.RELEASE.jar;D:\test\apache-maven-3.6.0\repo\org\springframework\spring-aop\5.1.11.RELEASE\spring-aop-5.1.11.RELEASE.jar;D:\test\apache-maven-3.6.0\repo\org\springframework\spring-context\5.1.11.RELEASE\spring-context-5.1.11.RELEASE.jar;D:\test\apache-maven-3.6.0\repo\org\springframework\spring-expression\5.1.11.RELEASE\spring-expression-5.1.11.RELEASE.jar;D:\test\apache-maven-3.6.0\repo\org\mybatis\spring\boot\mybatis-spring-boot-starter\2.1.1\mybatis-spring-boot-starter-2.1.1.jar;D:\test\apache-maven-3.6.0\repo\org\springframework\boot\spring-boot-starter-jdbc\2.1.10.RELEASE\spring-boot-starter-jdbc-2.1.10.RELEASE.jar;D:\test\apache-maven-3.6.0\repo\com\zaxxer\HikariCP\3.2.0\HikariCP-3.2.0.jar;D:\test\apache-maven-3.6.0\repo\org\springframework\spring-jdbc\5.1.11.RELEASE\spring-jdbc-5.1.11.RELEASE.jar;D:\test\apache-maven-3.6.0\repo\org\springframework\spring-tx\5.1.11.RELEASE\spring-tx-5.1.11.RELEASE.jar;D:\test\apache-maven-3.6.0\repo\org\mybatis\spring\boot\mybatis-spring-boot-autoconfigure\2.1.1\mybatis-spring-boot-autoconfigure-2.1.1.jar;D:\test\apache-maven-3.6.0\repo\org\mybatis\mybatis\3.5.3\mybatis-3.5.3.jar;D:\test\apache-maven-3.6.0\repo\org\mybatis\mybatis-spring\2.0.3\mybatis-spring-2.0.3.jar;D:\test\apache-maven-3.6.0\repo\mysql\mysql-connector-java\8.0.18\mysql-connector-java-8.0.18.jar;D:\test\apache-maven-3.6.0\repo\io\springfox\springfox-swagger2\2.9.2\springfox-swagger2-2.9.2.jar;D:\test\apache-maven-3.6.0\repo\io\swagger\swagger-annotations\1.5.20\swagger-annotations-1.5.20.jar;D:\test\apache-maven-3.6.0\repo\io\swagger\swagger-models\1.5.20\swagger-models-1.5.20.jar;D:\test\apache-maven-3.6.0\repo\com\fasterxml\jackson\core\jackson-annotations\2.9.10\jackson-annotations-2.9.10.jar;D:\test\apache-maven-3.6.0\repo\io\springfox\springfox-spi\2.9.2\springfox-spi-2.9.2.jar;D:\test\apache-maven-3.6.0\repo\io\springfox\springfox-core\2.9.2\springfox-core-2.9.2.jar;D:\test\apache-maven-3.6.0\repo\io\springfox\springfox-schema\2.9.2\springfox-schema-2.9.2.jar;D:\test\apache-maven-3.6.0\repo\io\springfox\springfox-swagger-common\2.9.2\springfox-swagger-common-2.9.2.jar;D:\test\apache-maven-3.6.0\repo\io\springfox\springfox-spring-web\2.9.2\springfox-spring-web-2.9.2.jar;D:\test\apache-maven-3.6.0\repo\com\google\guava\guava\20.0\guava-20.0.jar;D:\test\apache-maven-3.6.0\repo\com\fasterxml\classmate\1.4.0\classmate-1.4.0.jar;D:\test\apache-maven-3.6.0\repo\org\slf4j\slf4j-api\1.7.29\slf4j-api-1.7.29.jar;D:\test\apache-maven-3.6.0\repo\org\springframework\plugin\spring-plugin-core\1.2.0.RELEASE\spring-plugin-core-1.2.0.RELEASE.jar;D:\test\apache-maven-3.6.0\repo\org\springframework\plugin\spring-plugin-metadata\1.2.0.RELEASE\spring-plugin-metadata-1.2.0.RELEASE.jar;D:\test\apache-maven-3.6.0\repo\org\mapstruct\mapstruct\1.2.0.Final\mapstruct-1.2.0.Final.jar;D:\test\apache-maven-3.6.0\repo\io\springfox\springfox-swagger-ui\2.9.2\springfox-swagger-ui-2.9.2.jar;D:\test\apache-maven-3.6.0\repo\org\springframework\boot\spring-boot-starter-test\2.1.10.RELEASE\spring-boot-starter-test-2.1.10.RELEASE.jar;D:\test\apache-maven-3.6.0\repo\org\springframework\boot\spring-boot-test\2.1.10.RELEASE\spring-boot-test-2.1.10.RELEASE.jar;D:\test\apache-maven-3.6.0\repo\org\springframework\boot\spring-boot-test-autoconfigure\2.1.10.RELEASE\spring-boot-test-autoconfigure-2.1.10.RELEASE.jar;D:\test\apache-maven-3.6.0\repo\com\jayway\jsonpath\json-path\2.4.0\json-path-2.4.0.jar;D:\test\apache-maven-3.6.0\repo\net\minidev\json-smart\2.3\json-smart-2.3.jar;D:\test\apache-maven-3.6.0\repo\net\minidev\accessors-smart\1.2\accessors-smart-1.2.jar;D:\test\apache-maven-3.6.0\repo\org\ow2\asm\asm\5.0.4\asm-5.0.4.jar;D:\test\apache-maven-3.6.0\repo\junit\junit\4.12\junit-4.12.jar;D:\test\apache-maven-3.6.0\repo\org\assertj\assertj-core\3.11.1\assertj-core-3.11.1.jar;D:\test\apache-maven-3.6.0\repo\org\mockito\mockito-core\2.23.4\mockito-core-2.23.4.jar;D:\test\apache-maven-3.6.0\repo\net\bytebuddy\byte-buddy\1.9.16\byte-buddy-1.9.16.jar;D:\test\apache-maven-3.6.0\repo\net\bytebuddy\byte-buddy-agent\1.9.16\byte-buddy-agent-1.9.16.jar;D:\test\apache-maven-3.6.0\repo\org\objenesis\objenesis\2.6\objenesis-2.6.jar;D:\test\apache-maven-3.6.0\repo\org\hamcrest\hamcrest-core\1.3\hamcrest-core-1.3.jar;D:\test\apache-maven-3.6.0\repo\org\hamcrest\hamcrest-library\1.3\hamcrest-library-1.3.jar;D:\test\apache-maven-3.6.0\repo\org\skyscreamer\jsonassert\1.5.0\jsonassert-1.5.0.jar;D:\test\apache-maven-3.6.0\repo\com\vaadin\external\google\android-json\0.0.20131108.vaadin1\android-json-0.0.20131108.vaadin1.jar;D:\test\apache-maven-3.6.0\repo\org\springframework\spring-core\5.1.11.RELEASE\spring-core-5.1.11.RELEASE.jar;D:\test\apache-maven-3.6.0\repo\org\springframework\spring-jcl\5.1.11.RELEASE\spring-jcl-5.1.11.RELEASE.jar;D:\test\apache-maven-3.6.0\repo\org\springframework\spring-test\5.1.11.RELEASE\spring-test-5.1.11.RELEASE.jar;D:\test\apache-maven-3.6.0\repo\org\xmlunit\xmlunit-core\2.6.3\xmlunit-core-2.6.3.jar;"/>
    <property name="sun.cpu.endian" value="little"/>
    <property name="user.home" value="C:\Users\briup"/>
    <property name="user.language" value="zh"/>
    <property name="java.specification.vendor" value="Oracle Corporation"/>
    <property name="java.home" value="C:\Program Files (x86)\Java\jdk1.8.0_144\jre"/>
    <property name="basedir" value="D:\test2\eclipse-workspace\smart-test"/>
    <property name="file.separator" value="\"/>
    <property name="line.separator" value="&#10;"/>
    <property name="java.vm.specification.vendor" value="Oracle Corporation"/>
    <property name="java.specification.name" value="Java Platform API Specification"/>
    <property name="java.awt.graphicsenv" value="sun.awt.Win32GraphicsEnvironment"/>
    <property name="surefire.real.class.path" value="C:\Users\briup\AppData\Local\Temp\surefire7826745928250497586\surefirebooter3591332826189904806.jar"/>
    <property name="sun.boot.class.path" value="C:\Program Files (x86)\Java\jdk1.8.0_144\jre\lib\resources.jar;C:\Program Files (x86)\Java\jdk1.8.0_144\jre\lib\rt.jar;C:\Program Files (x86)\Java\jdk1.8.0_144\jre\lib\sunrsasign.jar;C:\Program Files (x86)\Java\jdk1.8.0_144\jre\lib\jsse.jar;C:\Program Files (x86)\Java\jdk1.8.0_144\jre\lib\jce.jar;C:\Program Files (x86)\Java\jdk1.8.0_144\jre\lib\charsets.jar;C:\Program Files (x86)\Java\jdk1.8.0_144\jre\lib\jfr.jar;C:\Program Files (x86)\Java\jdk1.8.0_144\jre\classes"/>
    <property name="user.script" value=""/>
    <property name="sun.management.compiler" value="HotSpot Client Compiler"/>
    <property name="java.runtime.version" value="1.8.0_144-b01"/>
    <property name="user.name" value="briup"/>
    <property name="path.separator" value=";"/>
    <property name="os.version" value="10.0"/>
    <property name="java.endorsed.dirs" value="C:\Program Files (x86)\Java\jdk1.8.0_144\jre\lib\endorsed"/>
    <property name="java.runtime.name" value="Java(TM) SE Runtime Environment"/>
    <property name="file.encoding" value="GBK"/>
    <property name="java.vm.name" value="Java HotSpot(TM) Client VM"/>
    <property name="localRepository" value="D:\test\apache-maven-3.6.0\repo"/>
    <property name="java.vendor.url.bug" value="http://bugreport.sun.com/bugreport/"/>
    <property name="java.io.tmpdir" value="C:\Users\briup\AppData\Local\Temp\"/>
    <property name="java.version" value="1.8.0_144"/>
    <property name="user.dir" value="D:\test2\eclipse-workspace\smart-test"/>
    <property name="os.arch" value="x86"/>
    <property name="java.vm.specification.name" value="Java Virtual Machine Specification"/>
    <property name="java.awt.printerjob" value="sun.awt.windows.WPrinterJob"/>
    <property name="sun.os.patch.level" value=""/>
    <property name="java.library.path" value="C:\Program Files (x86)\Java\jdk1.8.0_144\jre\bin;C:\Windows\Sun\Java\bin;C:\Windows\system32;C:\Windows;C:/Program Files (x86)/Java/jdk1.8.0_144/bin/../jre/bin/client;C:/Program Files (x86)/Java/jdk1.8.0_144/bin/../jre/bin;C:/Program Files (x86)/Java/jdk1.8.0_144/bin/../jre/lib/i386;D:\Program Files (x86)\node-v10.16.0-win-x64;D:\Program Files (x86)\node-v10.16.0-win-x64\node-global;D:\miao\scala-2.12.8\bin;D:\oraclexe\app\oracle\product\11.2.0\server\Bin;D:\briup_ss\apache-maven-3.5.0\bin;C:\Program Files (x86)\Java\jdk1.8.0_144\bin;C:\ProgramData\Oracle\Java\javapath;C:\Program Files (x86)\Intel\iCLS Client\;C:\Program Files\Intel\iCLS Client\;C:\Windows\system32;C:\Windows;C:\Windows\System32\Wbem;C:\Windows\System32\WindowsPowerShell\v1.0\;D:\Program Files\TortoiseSVN\bin;D:\Program Files\OpenVPN\bin;D:\Program Files\MySQL\MySQL Server 5.5\bin;D:\Program Files\VisualSVN Server\bin;C:\Users\briup\Anaconda3\Scripts;C:\Users\briup\Anaconda3;C:\Program Files\Calibre2\;D:\test2\eclipse;;."/>
    <property name="java.vm.info" value="mixed mode, sharing"/>
    <property name="java.vendor" value="Oracle Corporation"/>
    <property name="java.vm.version" value="25.144-b01"/>
    <property name="java.ext.dirs" value="C:\Program Files (x86)\Java\jdk1.8.0_144\jre\lib\ext;C:\Windows\Sun\Java\lib\ext"/>
    <property name="sun.io.unicode.encoding" value="UnicodeLittle"/>
    <property name="java.class.version" value="52.0"/>
  </properties>
  <testcase name="contextLoads" classname="com.briup.smart.SmartTestApplicationTests" time="0.352"/>
</testsuite>